<?xml version="1.0" encoding="UTF-8"?>
<testng-results ignored="0" total="1" passed="1" failed="0" skipped="0">
  <reporter-output>
  </reporter-output>
  <suite started-at="2024-10-05T14:06:58 IST" name="Default suite" finished-at="2024-10-05T14:08:24 IST" duration-ms="86730">
    <groups>
    </groups>
    <test started-at="2024-10-05T14:06:58 IST" name="Default test" finished-at="2024-10-05T14:08:24 IST" duration-ms="86730">
      <class name="com.appiumtesting.GeneralStoreOpen">
        <test-method is-config="true" signature="before()[pri:0, instance:com.appiumtesting.GeneralStoreOpen@4c583ecf]" started-at="2024-10-05T14:06:58 IST" name="before" finished-at="2024-10-05T14:07:38 IST" duration-ms="40541" status="PASS">
          <reporter-output>
          </reporter-output>
        </test-method> <!-- before -->
        <test-method signature="cart()[pri:0, instance:com.appiumtesting.GeneralStoreOpen@4c583ecf]" started-at="2024-10-05T14:07:38 IST" name="cart" finished-at="2024-10-05T14:08:13 IST" duration-ms="34256" status="PASS">
          <reporter-output>
          </reporter-output>
        </test-method> <!-- cart -->
        <test-method is-config="true" signature="after()[pri:0, instance:com.appiumtesting.GeneralStoreOpen@4c583ecf]" started-at="2024-10-05T14:08:13 IST" name="after" finished-at="2024-10-05T14:08:24 IST" duration-ms="11379" status="PASS">
          <reporter-output>
          </reporter-output>
        </test-method> <!-- after -->
      </class> <!-- com.appiumtesting.GeneralStoreOpen -->
    </test> <!-- Default test -->
  </suite> <!-- Default suite -->
</testng-results>
